<?xml version="1.0" encoding="UTF-8"?>
<!-- Generated by org.testng.reporters.JUnitReportReporter -->
<testsuite hostname="QA0079" failures="0" tests="1" name="samplePackage.ElementTobeClickable" time="24.406" errors="0" timestamp="2024-11-05T21:18:37 IST" skipped="0">
  <testcase classname="samplePackage.ElementTobeClickable" name="elementTobeClickable" time="24.406"/>
  <system-out/>
</testsuite> <!-- samplePackage.ElementTobeClickable -->
