<?xml version="1.0" encoding="UTF-8"?>
<!-- Generated by org.testng.reporters.JUnitReportReporter -->
<testsuite hostname="QA0079" failures="0" tests="1" name="samplePackage.AttributeContains" time="23.744" errors="0" timestamp="2024-11-05T21:18:37 IST" skipped="0">
  <testcase classname="samplePackage.AttributeContains" name="attributeContains" time="23.744"/>
  <system-out/>
</testsuite> <!-- samplePackage.AttributeContains -->
