<?xml version="1.0" encoding="UTF-8"?>
<!-- Generated by org.testng.reporters.JUnitReportReporter -->
<testsuite hostname="QA0079" failures="0" tests="1" name="samplePackage.AttributeContains" time="143.473" errors="0" timestamp="2024-11-13T23:50:30 IST" skipped="0">
  <testcase classname="samplePackage.AttributeContains" name="attributeContains" time="143.473"/>
  <system-out/>
</testsuite> <!-- samplePackage.AttributeContains -->
